2025-07-08T11:28:57-07:00 [INFO] (codacy-cli-v2/cli-v2.go:27) Starting Codacy CLI version=1.0.0-main.339.sha.dcd97cf (dcd97cf) built at 2025-06-16T20:10:29Z
2025-07-08T11:28:57-07:00 [INFO] (codacy-cli-v2/cmd/root.go:34) Executing CLI command command=analyze full_command=[/home/doug/.cache/codacy/codacy-cli-v2/1.0.0-main.339.sha.dcd97cf/codacy-cli-v2 analyze --format sarif] args=[]
2025-07-08T11:29:01-07:00 [DEBUG] (codacy-cli-v2/tools/pmdRunner.go:32) PMD binary path pmdBinary=/home/doug/.cache/codacy/tools/pmd@6.55.0/pmd-bin-6.55.0/bin/run.sh
2025-07-08T11:29:01-07:00 [DEBUG] (codacy-cli-v2/tools/pmdRunner.go:98) Setting up Java environment javaHome=/home/doug/.cache/codacy/runtimes/jdk-17.0.10+7
2025-07-08T11:29:01-07:00 [DEBUG] (codacy-cli-v2/tools/pmdRunner.go:144) Updated environment variables javaHome=JAVA_HOME=/home/doug/.cache/codacy/runtimes/jdk-17.0.10+7 path=PATH=/home/doug/.cache/codacy/runtimes/jdk-17.0.10+7/bin:/home/doug/.npm/_npx/4f3c4ba89ff2c191/node_modules/.bin:/home/doug/dev/dnd-tracker-next-js/node_modules/.bin:/home/doug/dev/node_modules/.bin:/home/doug/node_modules/.bin:/home/node_modules/.bin:/node_modules/.bin:/home/doug/.npm-global/lib/node_modules/npm/node_modules/@npmcli/run-script/lib/node-gyp-bin:/home/doug/bin:/home/doug/.npm-global/bin:/home/doug/bin:/home/doug/bin:/usr/local/sbin:/usr/local/bin:/usr/sbin:/usr/bin:/sbin:/bin:/usr/games:/usr/local/games:/snap/bin:/snap/bin binDir=/home/doug/.cache/codacy/runtimes/jdk-17.0.10+7/bin javaBinary=/home/doug/.cache/codacy/runtimes/jdk-17.0.10+7/bin/java
2025-07-08T11:29:01-07:00 [DEBUG] (codacy-cli-v2/tools/pmdRunner.go:160) Running PMD command command=/home/doug/.cache/codacy/tools/pmd@6.55.0/pmd-bin-6.55.0/bin/run.sh pmd -R .codacy/tools-configs/ruleset.xml -d /home/doug/dev/dnd-tracker-next-js -f sarif -r /tmp/codacy-analysis-227055708/pmd.sarif
2025-07-08T11:29:15-07:00 [INFO] (codacy-cli-v2/cli-v2.go:27) Starting Codacy CLI version=1.0.0-main.339.sha.dcd97cf (dcd97cf) built at 2025-06-16T20:10:29Z
2025-07-08T11:29:15-07:00 [INFO] (codacy-cli-v2/cmd/root.go:34) Executing CLI command args=[src/components/combat/round-tracking] command=analyze full_command=[/home/doug/.cache/codacy/codacy-cli-v2/1.0.0-main.339.sha.dcd97cf/codacy-cli-v2 analyze src/components/combat/round-tracking --format sarif]
2025-07-08T11:29:15-07:00 [DEBUG] (codacy-cli-v2/tools/revive/reviveRunner.go:53) Running Revive command command=/home/doug/.cache/codacy/tools/revive@1.7.0/revive -formatter sarif src/components/combat/round-tracking
2025-07-08T11:29:24-07:00 [DEBUG] (codacy-cli-v2/tools/pmdRunner.go:32) PMD binary path pmdBinary=/home/doug/.cache/codacy/tools/pmd@6.55.0/pmd-bin-6.55.0/bin/run.sh
2025-07-08T11:29:24-07:00 [DEBUG] (codacy-cli-v2/tools/pmdRunner.go:98) Setting up Java environment javaHome=/home/doug/.cache/codacy/runtimes/jdk-17.0.10+7
2025-07-08T11:29:24-07:00 [DEBUG] (codacy-cli-v2/tools/pmdRunner.go:144) Updated environment variables javaBinary=/home/doug/.cache/codacy/runtimes/jdk-17.0.10+7/bin/java javaHome=JAVA_HOME=/home/doug/.cache/codacy/runtimes/jdk-17.0.10+7 path=PATH=/home/doug/.cache/codacy/runtimes/jdk-17.0.10+7/bin:/home/doug/.npm/_npx/4f3c4ba89ff2c191/node_modules/.bin:/home/doug/dev/dnd-tracker-next-js/node_modules/.bin:/home/doug/dev/node_modules/.bin:/home/doug/node_modules/.bin:/home/node_modules/.bin:/node_modules/.bin:/home/doug/.npm-global/lib/node_modules/npm/node_modules/@npmcli/run-script/lib/node-gyp-bin:/home/doug/bin:/home/doug/.npm-global/bin:/home/doug/bin:/home/doug/bin:/usr/local/sbin:/usr/local/bin:/usr/sbin:/usr/bin:/sbin:/bin:/usr/games:/usr/local/games:/snap/bin:/snap/bin binDir=/home/doug/.cache/codacy/runtimes/jdk-17.0.10+7/bin
2025-07-08T11:29:24-07:00 [DEBUG] (codacy-cli-v2/tools/pmdRunner.go:160) Running PMD command command=/home/doug/.cache/codacy/tools/pmd@6.55.0/pmd-bin-6.55.0/bin/run.sh pmd -R .codacy/tools-configs/ruleset.xml -d src/components/combat/round-tracking -f sarif -r /tmp/codacy-analysis-288569890/pmd.sarif
2025-07-08T11:30:44-07:00 [INFO] (codacy-cli-v2/cli-v2.go:27) Starting Codacy CLI version=1.0.0-main.339.sha.dcd97cf (dcd97cf) built at 2025-06-16T20:10:29Z
2025-07-08T11:30:44-07:00 [INFO] (codacy-cli-v2/cmd/root.go:34) Executing CLI command full_command=[/home/doug/.cache/codacy/codacy-cli-v2/1.0.0-main.339.sha.dcd97cf/codacy-cli-v2 analyze src/components/combat/round-tracking --format sarif] args=[src/components/combat/round-tracking] command=analyze
2025-07-08T11:30:44-07:00 [DEBUG] (codacy-cli-v2/tools/revive/reviveRunner.go:53) Running Revive command command=/home/doug/.cache/codacy/tools/revive@1.7.0/revive -formatter sarif src/components/combat/round-tracking
2025-07-08T11:30:52-07:00 [DEBUG] (codacy-cli-v2/tools/pmdRunner.go:32) PMD binary path pmdBinary=/home/doug/.cache/codacy/tools/pmd@6.55.0/pmd-bin-6.55.0/bin/run.sh
2025-07-08T11:30:52-07:00 [DEBUG] (codacy-cli-v2/tools/pmdRunner.go:98) Setting up Java environment javaHome=/home/doug/.cache/codacy/runtimes/jdk-17.0.10+7
2025-07-08T11:30:52-07:00 [DEBUG] (codacy-cli-v2/tools/pmdRunner.go:144) Updated environment variables binDir=/home/doug/.cache/codacy/runtimes/jdk-17.0.10+7/bin javaBinary=/home/doug/.cache/codacy/runtimes/jdk-17.0.10+7/bin/java javaHome=JAVA_HOME=/home/doug/.cache/codacy/runtimes/jdk-17.0.10+7 path=PATH=/home/doug/.cache/codacy/runtimes/jdk-17.0.10+7/bin:/home/doug/.npm/_npx/4f3c4ba89ff2c191/node_modules/.bin:/home/doug/dev/dnd-tracker-next-js/node_modules/.bin:/home/doug/dev/node_modules/.bin:/home/doug/node_modules/.bin:/home/node_modules/.bin:/node_modules/.bin:/home/doug/.npm-global/lib/node_modules/npm/node_modules/@npmcli/run-script/lib/node-gyp-bin:/home/doug/bin:/home/doug/.npm-global/bin:/home/doug/bin:/home/doug/bin:/usr/local/sbin:/usr/local/bin:/usr/sbin:/usr/bin:/sbin:/bin:/usr/games:/usr/local/games:/snap/bin:/snap/bin
2025-07-08T11:30:52-07:00 [DEBUG] (codacy-cli-v2/tools/pmdRunner.go:160) Running PMD command command=/home/doug/.cache/codacy/tools/pmd@6.55.0/pmd-bin-6.55.0/bin/run.sh pmd -R .codacy/tools-configs/ruleset.xml -d src/components/combat/round-tracking -f sarif -r /tmp/codacy-analysis-656901554/pmd.sarif
2025-07-08T11:33:17-07:00 [INFO] (codacy-cli-v2/cli-v2.go:27) Starting Codacy CLI version=1.0.0-main.339.sha.dcd97cf (dcd97cf) built at 2025-06-16T20:10:29Z
2025-07-08T11:33:17-07:00 [INFO] (codacy-cli-v2/cmd/root.go:34) Executing CLI command command=analyze full_command=[/home/doug/.cache/codacy/codacy-cli-v2/1.0.0-main.339.sha.dcd97cf/codacy-cli-v2 analyze src/components/combat/round-tracking --format sarif] args=[src/components/combat/round-tracking]
2025-07-08T11:33:17-07:00 [DEBUG] (codacy-cli-v2/tools/pmdRunner.go:32) PMD binary path pmdBinary=/home/doug/.cache/codacy/tools/pmd@6.55.0/pmd-bin-6.55.0/bin/run.sh
2025-07-08T11:33:17-07:00 [DEBUG] (codacy-cli-v2/tools/pmdRunner.go:98) Setting up Java environment javaHome=/home/doug/.cache/codacy/runtimes/jdk-17.0.10+7
2025-07-08T11:33:17-07:00 [DEBUG] (codacy-cli-v2/tools/pmdRunner.go:144) Updated environment variables path=PATH=/home/doug/.cache/codacy/runtimes/jdk-17.0.10+7/bin:/home/doug/.npm/_npx/4f3c4ba89ff2c191/node_modules/.bin:/home/doug/dev/dnd-tracker-next-js/node_modules/.bin:/home/doug/dev/node_modules/.bin:/home/doug/node_modules/.bin:/home/node_modules/.bin:/node_modules/.bin:/home/doug/.npm-global/lib/node_modules/npm/node_modules/@npmcli/run-script/lib/node-gyp-bin:/home/doug/bin:/home/doug/.npm-global/bin:/home/doug/bin:/home/doug/bin:/usr/local/sbin:/usr/local/bin:/usr/sbin:/usr/bin:/sbin:/bin:/usr/games:/usr/local/games:/snap/bin:/snap/bin binDir=/home/doug/.cache/codacy/runtimes/jdk-17.0.10+7/bin javaBinary=/home/doug/.cache/codacy/runtimes/jdk-17.0.10+7/bin/java javaHome=JAVA_HOME=/home/doug/.cache/codacy/runtimes/jdk-17.0.10+7
2025-07-08T11:33:17-07:00 [DEBUG] (codacy-cli-v2/tools/pmdRunner.go:160) Running PMD command command=/home/doug/.cache/codacy/tools/pmd@6.55.0/pmd-bin-6.55.0/bin/run.sh pmd -R .codacy/tools-configs/ruleset.xml -d src/components/combat/round-tracking -f sarif -r /tmp/codacy-analysis-2696983961/pmd.sarif
2025-07-08T11:33:20-07:00 [DEBUG] (codacy-cli-v2/tools/revive/reviveRunner.go:53) Running Revive command command=/home/doug/.cache/codacy/tools/revive@1.7.0/revive -formatter sarif src/components/combat/round-tracking
2025-07-08T18:54:30-07:00 [INFO] (codacy-cli-v2/cli-v2.go:27) Starting Codacy CLI version=1.0.0-main.339.sha.dcd97cf (dcd97cf) built at 2025-06-16T20:10:29Z
2025-07-08T18:54:33-07:00 [INFO] (codacy-cli-v2/cli-v2.go:27) Starting Codacy CLI version=1.0.0-main.339.sha.dcd97cf (dcd97cf) built at 2025-06-16T20:10:29Z
2025-07-08T18:54:33-07:00 [INFO] (codacy-cli-v2/cmd/root.go:34) Executing CLI command command=analyze full_command=[codacy-cli analyze --format json] args=[]
2025-07-08T18:55:19-07:00 [DEBUG] (codacy-cli-v2/tools/pmdRunner.go:32) PMD binary path pmdBinary=/home/doug/.cache/codacy/tools/pmd@6.55.0/pmd-bin-6.55.0/bin/run.sh
2025-07-08T18:55:19-07:00 [DEBUG] (codacy-cli-v2/tools/pmdRunner.go:98) Setting up Java environment javaHome=/home/doug/.cache/codacy/runtimes/jdk-17.0.10+7
2025-07-08T18:55:19-07:00 [DEBUG] (codacy-cli-v2/tools/pmdRunner.go:144) Updated environment variables javaHome=JAVA_HOME=/home/doug/.cache/codacy/runtimes/jdk-17.0.10+7 path=PATH=/home/doug/.cache/codacy/runtimes/jdk-17.0.10+7/bin:/home/doug/.npm-global/bin:/home/doug/bin:/home/doug/bin:/usr/local/sbin:/usr/local/bin:/usr/sbin:/usr/bin:/sbin:/bin:/usr/games:/usr/local/games:/snap/bin:/snap/bin binDir=/home/doug/.cache/codacy/runtimes/jdk-17.0.10+7/bin javaBinary=/home/doug/.cache/codacy/runtimes/jdk-17.0.10+7/bin/java
2025-07-08T18:55:19-07:00 [DEBUG] (codacy-cli-v2/tools/pmdRunner.go:160) Running PMD command command=/home/doug/.cache/codacy/tools/pmd@6.55.0/pmd-bin-6.55.0/bin/run.sh pmd -R .codacy/tools-configs/ruleset.xml -d /home/doug/parallel-dev/dnd-tracker-next-js -f json
2025-07-08T18:55:21-07:00 [DEBUG] (codacy-cli-v2/tools/revive/reviveRunner.go:53) Running Revive command command=/home/doug/.cache/codacy/tools/revive@1.7.0/revive -config .codacy/tools-configs/revive.toml -formatter json ./...
2025-07-08T18:55:50-07:00 [INFO] (codacy-cli-v2/cli-v2.go:27) Starting Codacy CLI version=1.0.0-main.339.sha.dcd97cf (dcd97cf) built at 2025-06-16T20:10:29Z
2025-07-08T18:55:50-07:00 [INFO] (codacy-cli-v2/cmd/root.go:34) Executing CLI command command=analyze full_command=[codacy-cli analyze src/types src/components/character src/lib/models/encounter --format json] args=[src/types src/components/character src/lib/models/encounter]
2025-07-08T18:55:50-07:00 [DEBUG] (codacy-cli-v2/tools/pmdRunner.go:32) PMD binary path pmdBinary=/home/doug/.cache/codacy/tools/pmd@6.55.0/pmd-bin-6.55.0/bin/run.sh
2025-07-08T18:55:50-07:00 [DEBUG] (codacy-cli-v2/tools/pmdRunner.go:98) Setting up Java environment javaHome=/home/doug/.cache/codacy/runtimes/jdk-17.0.10+7
2025-07-08T18:55:50-07:00 [DEBUG] (codacy-cli-v2/tools/pmdRunner.go:144) Updated environment variables javaHome=JAVA_HOME=/home/doug/.cache/codacy/runtimes/jdk-17.0.10+7 path=PATH=/home/doug/.cache/codacy/runtimes/jdk-17.0.10+7/bin:/home/doug/.npm-global/bin:/home/doug/bin:/home/doug/bin:/usr/local/sbin:/usr/local/bin:/usr/sbin:/usr/bin:/sbin:/bin:/usr/games:/usr/local/games:/snap/bin:/snap/bin binDir=/home/doug/.cache/codacy/runtimes/jdk-17.0.10+7/bin javaBinary=/home/doug/.cache/codacy/runtimes/jdk-17.0.10+7/bin/java
2025-07-08T18:55:50-07:00 [DEBUG] (codacy-cli-v2/tools/pmdRunner.go:160) Running PMD command command=/home/doug/.cache/codacy/tools/pmd@6.55.0/pmd-bin-6.55.0/bin/run.sh pmd -R .codacy/tools-configs/ruleset.xml -d src/types,src/components/character,src/lib/models/encounter -f json
2025-07-08T18:55:52-07:00 [DEBUG] (codacy-cli-v2/tools/revive/reviveRunner.go:53) Running Revive command command=/home/doug/.cache/codacy/tools/revive@1.7.0/revive -config .codacy/tools-configs/revive.toml -formatter json src/types src/components/character src/lib/models/encounter
2025-07-08T19:47:48-07:00 [INFO] (codacy-cli-v2/cli-v2.go:27) Starting Codacy CLI version=1.0.0-main.339.sha.dcd97cf (dcd97cf) built at 2025-06-16T20:10:29Z
2025-07-08T19:47:48-07:00 [INFO] (codacy-cli-v2/cmd/root.go:34) Executing CLI command command=analyze full_command=[/home/doug/.cache/codacy/codacy-cli-v2/1.0.0-main.339.sha.dcd97cf/codacy-cli-v2 analyze --format json --output codacy-current-analysis.json] args=[]
2025-07-08T19:47:48-07:00 [DEBUG] (codacy-cli-v2/tools/revive/reviveRunner.go:53) Running Revive command command=/home/doug/.cache/codacy/tools/revive@1.7.0/revive -config .codacy/tools-configs/revive.toml -formatter json ./...
2025-07-08T19:48:35-07:00 [DEBUG] (codacy-cli-v2/tools/pmdRunner.go:32) PMD binary path pmdBinary=/home/doug/.cache/codacy/tools/pmd@6.55.0/pmd-bin-6.55.0/bin/run.sh
2025-07-08T19:48:35-07:00 [DEBUG] (codacy-cli-v2/tools/pmdRunner.go:98) Setting up Java environment javaHome=/home/doug/.cache/codacy/runtimes/jdk-17.0.10+7
2025-07-08T19:48:35-07:00 [DEBUG] (codacy-cli-v2/tools/pmdRunner.go:144) Updated environment variables javaHome=JAVA_HOME=/home/doug/.cache/codacy/runtimes/jdk-17.0.10+7 path=PATH=/home/doug/.cache/codacy/runtimes/jdk-17.0.10+7/bin:/home/doug/.npm-global/bin:/home/doug/bin:/home/doug/bin:/usr/local/sbin:/usr/local/bin:/usr/sbin:/usr/bin:/sbin:/bin:/usr/games:/usr/local/games:/snap/bin:/snap/bin binDir=/home/doug/.cache/codacy/runtimes/jdk-17.0.10+7/bin javaBinary=/home/doug/.cache/codacy/runtimes/jdk-17.0.10+7/bin/java
2025-07-08T19:48:35-07:00 [DEBUG] (codacy-cli-v2/tools/pmdRunner.go:160) Running PMD command command=/home/doug/.cache/codacy/tools/pmd@6.55.0/pmd-bin-6.55.0/bin/run.sh pmd -R .codacy/tools-configs/ruleset.xml -d /home/doug/parallel-dev/dnd-tracker-next-js -f json -r codacy-current-analysis.json
